<?xml version="1.0" encoding="UTF-8"?>
<!-- Generated by org.testng.reporters.JUnitReportReporter -->
<testsuite hostname="VAIBHYAD01" failures="0" tests="2" name="JavaSelenium.test.SubmitOrderTest" time="52.052" errors="0" timestamp="2025-02-14T15:46:30 IST" skipped="0">
  <testcase classname="JavaSelenium.test.SubmitOrderTest" name="orderHistoryTest" time="21.767"/>
  <testcase classname="JavaSelenium.test.SubmitOrderTest" name="SubmitOrder" time="30.285"/>
</testsuite> <!-- JavaSelenium.test.SubmitOrderTest -->
