<?xml version="1.0" encoding="UTF-8"?>
<!-- Generated by org.testng.reporters.JUnitReportReporter -->
<testsuite hostname="VAIBHYAD01" failures="0" tests="2" name="JavaSelenium.test.ErrorValidationTest" time="17.048" errors="0" timestamp="2025-02-16T19:20:50 IST" skipped="0">
  <testcase classname="JavaSelenium.test.ErrorValidationTest" name="loginErrorValidation" time="7.818"/>
  <testcase classname="JavaSelenium.test.ErrorValidationTest" name="productValidationError" time="9.230"/>
</testsuite> <!-- JavaSelenium.test.ErrorValidationTest -->
